# JRE version: OpenJDK Runtime Environment (11.0.10) (build 11.0.10+0-b96-7249189)
# Java VM: OpenJDK 64-Bit Server VM (11.0.10+0-b96-7249189, mixed mode, tiered, compressed oops, g1 gc, windows-amd64)
Heap:
 garbage-first heap   total 500736K, used 159744K [0x0000000080000000, 0x0000000100000000)
  region size 1024K, 15 young (15360K), 15 survivors (15360K)
 Metaspace       used 99225K, capacity 102467K, committed 102732K, reserved 1138688K
  class space    used 12870K, capacity 14128K, committed 14156K, reserved 1048576K
GC Heap History (20 events):
Event: 298.195 GC heap after
{Heap after GC invocations=50 (full 0):
 garbage-first heap   total 204800K, used 87805K [0x0000000080000000, 0x0000000100000000)
  region size 1024K, 3 young (3072K), 3 survivors (3072K)
 Metaspace       used 95987K, capacity 98980K, committed 99148K, reserved 1134592K
  class space    used 12597K, capacity 13816K, committed 13900K, reserved 1048576K
}
Event: 298.491 GC heap before
{Heap before GC invocations=50 (full 0):
 garbage-first heap   total 204800K, used 157437K [0x0000000080000000, 0x0000000100000000)
  region size 1024K, 71 young (72704K), 3 survivors (3072K)
 Metaspace       used 96163K, capacity 99198K, committed 99404K, reserved 1134592K
  class space    used 12598K, capacity 13819K, committed 13900K, reserved 1048576K
}
Event: 298.497 GC heap after
{Heap after GC invocations=51 (full 0):
 garbage-first heap   total 204800K, used 88351K [0x0000000080000000, 0x0000000100000000)
  region size 1024K, 4 young (4096K), 4 survivors (4096K)
 Metaspace       used 96163K, capacity 99198K, committed 99404K, reserved 1134592K
  class space    used 12598K, capacity 13819K, committed 13900K, reserved 1048576K
}
Event: 298.804 GC heap before
{Heap before GC invocations=51 (full 0):
 garbage-first heap   total 204800K, used 160031K [0x0000000080000000, 0x0000000100000000)
  region size 1024K, 74 young (75776K), 4 survivors (4096K)
 Metaspace       used 96429K, capacity 99523K, committed 99660K, reserved 1134592K
  class space    used 12598K, capacity 13819K, committed 13900K, reserved 1048576K
}
Event: 298.811 GC heap after
{Heap after GC invocations=52 (full 0):
 garbage-first heap   total 245760K, used 89445K [0x0000000080000000, 0x0000000100000000)
  region size 1024K, 5 young (5120K), 5 survivors (5120K)
 Metaspace       used 96429K, capacity 99523K, committed 99660K, reserved 1134592K
  class space    used 12598K, capacity 13819K, committed 13900K, reserved 1048576K
}
Event: 299.188 GC heap before
{Heap before GC invocations=52 (full 0):
 garbage-first heap   total 245760K, used 180581K [0x0000000080000000, 0x0000000100000000)
  region size 1024K, 94 young (96256K), 5 survivors (5120K)
 Metaspace       used 96587K, capacity 99606K, committed 99916K, reserved 1134592K
  class space    used 12598K, capacity 13819K, committed 13900K, reserved 1048576K
}
Event: 299.197 GC heap after
{Heap after GC invocations=53 (full 0):
 garbage-first heap   total 245760K, used 91034K [0x0000000080000000, 0x0000000100000000)
  region size 1024K, 6 young (6144K), 6 survivors (6144K)
 Metaspace       used 96587K, capacity 99606K, committed 99916K, reserved 1134592K
  class space    used 12598K, capacity 13819K, committed 13900K, reserved 1048576K
}
Event: 299.640 GC heap before
{Heap before GC invocations=53 (full 0):
 garbage-first heap   total 245760K, used 194458K [0x0000000080000000, 0x0000000100000000)
  region size 1024K, 106 young (108544K), 6 survivors (6144K)
 Metaspace       used 96922K, capacity 99923K, committed 100172K, reserved 1136640K
  class space    used 12603K, capacity 13822K, committed 13900K, reserved 1048576K
}
Event: 299.647 GC heap after
{Heap after GC invocations=54 (full 0):
 garbage-first heap   total 245760K, used 91034K [0x0000000080000000, 0x0000000100000000)
  region size 1024K, 6 young (6144K), 6 survivors (6144K)
 Metaspace       used 96922K, capacity 99923K, committed 100172K, reserved 1136640K
  class space    used 12603K, capacity 13822K, committed 13900K, reserved 1048576K
}
Event: 300.308 GC heap before
{Heap before GC invocations=54 (full 0):
 garbage-first heap   total 245760K, used 195482K [0x0000000080000000, 0x0000000100000000)
  region size 1024K, 108 young (110592K), 6 survivors (6144K)
 Metaspace       used 96959K, capacity 99992K, committed 100172K, reserved 1136640K
  class space    used 12603K, capacity 13822K, committed 13900K, reserved 1048576K
}
Event: 300.316 GC heap after
{Heap after GC invocations=55 (full 0):
 garbage-first heap   total 245760K, used 92058K [0x0000000080000000, 0x0000000100000000)
  region size 1024K, 7 young (7168K), 7 survivors (7168K)
 Metaspace       used 96959K, capacity 99992K, committed 100172K, reserved 1136640K
  class space    used 12603K, capacity 13822K, committed 13900K, reserved 1048576K
}
Event: 300.853 GC heap before
{Heap before GC invocations=55 (full 0):
 garbage-first heap   total 245760K, used 198554K [0x0000000080000000, 0x0000000100000000)
  region size 1024K, 111 young (113664K), 7 survivors (7168K)
 Metaspace       used 96983K, capacity 99993K, committed 100172K, reserved 1136640K
  class space    used 12604K, capacity 13822K, committed 13900K, reserved 1048576K
}
Event: 300.863 GC heap after
{Heap after GC invocations=56 (full 0):
 garbage-first heap   total 294912K, used 93886K [0x0000000080000000, 0x0000000100000000)
  region size 1024K, 9 young (9216K), 9 survivors (9216K)
 Metaspace       used 96983K, capacity 99993K, committed 100172K, reserved 1136640K
  class space    used 12604K, capacity 13822K, committed 13900K, reserved 1048576K
}
Event: 301.407 GC heap before
{Heap before GC invocations=56 (full 0):
 garbage-first heap   total 294912K, used 214718K [0x0000000080000000, 0x0000000100000000)
  region size 1024K, 127 young (130048K), 9 survivors (9216K)
 Metaspace       used 97307K, capacity 100321K, committed 100428K, reserved 1136640K
  class space    used 12648K, capacity 13867K, committed 13900K, reserved 1048576K
}
Event: 301.417 GC heap after
{Heap after GC invocations=57 (full 0):
 garbage-first heap   total 294912K, used 94106K [0x0000000080000000, 0x0000000100000000)
  region size 1024K, 9 young (9216K), 9 survivors (9216K)
 Metaspace       used 97307K, capacity 100321K, committed 100428K, reserved 1136640K
  class space    used 12648K, capacity 13867K, committed 13900K, reserved 1048576K
}
Event: 302.096 GC heap before
{Heap before GC invocations=57 (full 0):
 garbage-first heap   total 294912K, used 241562K [0x0000000080000000, 0x0000000100000000)
  region size 1024K, 153 young (156672K), 9 survivors (9216K)
 Metaspace       used 97337K, capacity 100387K, committed 100428K, reserved 1136640K
  class space    used 12648K, capacity 13867K, committed 13900K, reserved 1048576K
}
Event: 302.108 GC heap after
{Heap after GC invocations=58 (full 0):
 garbage-first heap   total 294912K, used 95550K [0x0000000080000000, 0x0000000100000000)
  region size 1024K, 11 young (11264K), 11 survivors (11264K)
 Metaspace       used 97337K, capacity 100387K, committed 100428K, reserved 1136640K
  class space    used 12648K, capacity 13867K, committed 13900K, reserved 1048576K
}
Event: 303.210 GC heap before
{Heap before GC invocations=58 (full 0):
 garbage-first heap   total 294912K, used 262462K [0x0000000080000000, 0x0000000100000000)
  region size 1024K, 159 young (162816K), 11 survivors (11264K)
 Metaspace       used 99083K, capacity 102325K, committed 102476K, reserved 1138688K
  class space    used 12869K, capacity 14128K, committed 14156K, reserved 1048576K
}
Event: 303.326 GC heap after
{Heap after GC invocations=59 (full 0):
 garbage-first heap   total 310272K, used 140371K [0x0000000080000000, 0x0000000100000000)
  region size 1024K, 20 young (20480K), 20 survivors (20480K)
 Metaspace       used 99083K, capacity 102325K, committed 102476K, reserved 1138688K
  class space    used 12869K, capacity 14128K, committed 14156K, reserved 1048576K
}
Event: 304.423 GC heap before
{Heap before GC invocations=59 (full 0):
 garbage-first heap   total 310272K, used 237651K [0x0000000080000000, 0x0000000100000000)
  region size 1024K, 113 young (115712K), 20 survivors (20480K)
 Metaspace       used 99225K, capacity 102467K, committed 102732K, reserved 1138688K
  class space    used 12870K, capacity 14128K, committed 14156K, reserved 1048576K
}

