# JRE version: OpenJDK Runtime Environment (11.0.10) (build 11.0.10+0-b96-7249189)
# Java VM: OpenJDK 64-Bit Server VM (11.0.10+0-b96-7249189, mixed mode, tiered, compressed oops, g1 gc, windows-amd64)
Heap:
 garbage-first heap   total 764928K, used 153570K [0x0000000080000000, 0x0000000100000000)
  region size 1024K, 2 young (2048K), 2 survivors (2048K)
 Metaspace       used 128756K, capacity 132504K, committed 132732K, reserved 1163264K
  class space    used 16628K, capacity 18077K, committed 18176K, reserved 1048576K
GC Heap History (20 events):
Event: 26.005 GC heap after
{Heap after GC invocations=44 (full 0):
 garbage-first heap   total 189440K, used 170715K [0x0000000080000000, 0x0000000100000000)
  region size 1024K, 2 young (2048K), 2 survivors (2048K)
 Metaspace       used 110075K, capacity 112467K, committed 112764K, reserved 1146880K
  class space    used 13899K, capacity 14773K, committed 14848K, reserved 1048576K
}
Event: 26.052 GC heap before
{Heap before GC invocations=44 (full 0):
 garbage-first heap   total 189440K, used 176859K [0x0000000080000000, 0x0000000100000000)
  region size 1024K, 9 young (9216K), 2 survivors (2048K)
 Metaspace       used 110075K, capacity 112467K, committed 112764K, reserved 1146880K
  class space    used 13899K, capacity 14773K, committed 14848K, reserved 1048576K
}
Event: 26.057 GC heap after
{Heap after GC invocations=45 (full 0):
 garbage-first heap   total 189440K, used 178176K [0x0000000080000000, 0x0000000100000000)
  region size 1024K, 2 young (2048K), 2 survivors (2048K)
 Metaspace       used 110075K, capacity 112467K, committed 112764K, reserved 1146880K
  class space    used 13899K, capacity 14773K, committed 14848K, reserved 1048576K
}
Event: 26.072 GC heap before
{Heap before GC invocations=46 (full 0):
 garbage-first heap   total 189440K, used 185344K [0x0000000080000000, 0x0000000100000000)
  region size 1024K, 9 young (9216K), 2 survivors (2048K)
 Metaspace       used 110075K, capacity 112467K, committed 112764K, reserved 1146880K
  class space    used 13899K, capacity 14773K, committed 14848K, reserved 1048576K
}
Event: 26.079 GC heap after
{Heap after GC invocations=47 (full 0):
 garbage-first heap   total 233472K, used 184483K [0x0000000080000000, 0x0000000100000000)
  region size 1024K, 2 young (2048K), 2 survivors (2048K)
 Metaspace       used 110075K, capacity 112467K, committed 112764K, reserved 1146880K
  class space    used 13899K, capacity 14773K, committed 14848K, reserved 1048576K
}
Event: 26.101 GC heap before
{Heap before GC invocations=47 (full 0):
 garbage-first heap   total 233472K, used 193699K [0x0000000080000000, 0x0000000100000000)
  region size 1024K, 11 young (11264K), 2 survivors (2048K)
 Metaspace       used 110075K, capacity 112467K, committed 112764K, reserved 1146880K
  class space    used 13899K, capacity 14773K, committed 14848K, reserved 1048576K
}
Event: 26.110 GC heap after
{Heap after GC invocations=48 (full 0):
 garbage-first heap   total 233472K, used 190889K [0x0000000080000000, 0x0000000100000000)
  region size 1024K, 2 young (2048K), 2 survivors (2048K)
 Metaspace       used 110075K, capacity 112467K, committed 112764K, reserved 1146880K
  class space    used 13899K, capacity 14773K, committed 14848K, reserved 1048576K
}
Event: 26.155 GC heap before
{Heap before GC invocations=48 (full 0):
 garbage-first heap   total 233472K, used 200105K [0x0000000080000000, 0x0000000100000000)
  region size 1024K, 11 young (11264K), 2 survivors (2048K)
 Metaspace       used 110104K, capacity 112470K, committed 112764K, reserved 1146880K
  class space    used 13900K, capacity 14773K, committed 14848K, reserved 1048576K
}
Event: 26.162 GC heap after
{Heap after GC invocations=49 (full 0):
 garbage-first heap   total 233472K, used 196608K [0x0000000080000000, 0x0000000100000000)
  region size 1024K, 2 young (2048K), 2 survivors (2048K)
 Metaspace       used 110104K, capacity 112470K, committed 112764K, reserved 1146880K
  class space    used 13900K, capacity 14773K, committed 14848K, reserved 1048576K
}
Event: 26.389 GC heap before
{Heap before GC invocations=49 (full 0):
 garbage-first heap   total 233472K, used 161792K [0x0000000080000000, 0x0000000100000000)
  region size 1024K, 11 young (11264K), 2 survivors (2048K)
 Metaspace       used 111206K, capacity 113636K, committed 113916K, reserved 1148928K
  class space    used 14025K, capacity 14905K, committed 14976K, reserved 1048576K
}
Event: 26.393 GC heap after
{Heap after GC invocations=50 (full 0):
 garbage-first heap   total 233472K, used 153736K [0x0000000080000000, 0x0000000100000000)
  region size 1024K, 2 young (2048K), 2 survivors (2048K)
 Metaspace       used 111206K, capacity 113636K, committed 113916K, reserved 1148928K
  class space    used 14025K, capacity 14905K, committed 14976K, reserved 1048576K
}
Event: 26.620 GC heap before
{Heap before GC invocations=51 (full 0):
 garbage-first heap   total 233472K, used 172168K [0x0000000080000000, 0x0000000100000000)
  region size 1024K, 21 young (21504K), 2 survivors (2048K)
 Metaspace       used 111950K, capacity 114440K, committed 114556K, reserved 1148928K
  class space    used 14097K, capacity 15045K, committed 15104K, reserved 1048576K
}
Event: 26.657 GC heap after
{Heap after GC invocations=52 (full 0):
 garbage-first heap   total 375808K, used 155170K [0x0000000080000000, 0x0000000100000000)
  region size 1024K, 3 young (3072K), 3 survivors (3072K)
 Metaspace       used 111950K, capacity 114440K, committed 114556K, reserved 1148928K
  class space    used 14097K, capacity 15045K, committed 15104K, reserved 1048576K
}
Event: 26.800 GC heap before
{Heap before GC invocations=52 (full 0):
 garbage-first heap   total 375808K, used 169506K [0x0000000080000000, 0x0000000100000000)
  region size 1024K, 18 young (18432K), 3 survivors (3072K)
 Metaspace       used 112016K, capacity 114456K, committed 114556K, reserved 1148928K
  class space    used 14106K, capacity 15047K, committed 15104K, reserved 1048576K
}
Event: 26.810 GC heap after
{Heap after GC invocations=53 (full 0):
 garbage-first heap   total 375808K, used 143803K [0x0000000080000000, 0x0000000100000000)
  region size 1024K, 3 young (3072K), 3 survivors (3072K)
 Metaspace       used 112016K, capacity 114456K, committed 114556K, reserved 1148928K
  class space    used 14106K, capacity 15047K, committed 15104K, reserved 1048576K
}
Event: 28.492 GC heap before
{Heap before GC invocations=53 (full 0):
 garbage-first heap   total 375808K, used 219579K [0x0000000080000000, 0x0000000100000000)
  region size 1024K, 78 young (79872K), 3 survivors (3072K)
 Metaspace       used 124027K, capacity 127532K, committed 127740K, reserved 1159168K
  class space    used 16047K, capacity 17428K, committed 17536K, reserved 1048576K
}
Event: 28.522 GC heap after
{Heap after GC invocations=54 (full 0):
 garbage-first heap   total 375808K, used 147487K [0x0000000080000000, 0x0000000100000000)
  region size 1024K, 7 young (7168K), 7 survivors (7168K)
 Metaspace       used 124027K, capacity 127532K, committed 127740K, reserved 1159168K
  class space    used 16047K, capacity 17428K, committed 17536K, reserved 1048576K
}
Event: 56.365 GC heap before
{Heap before GC invocations=54 (full 0):
 garbage-first heap   total 375808K, used 249887K [0x0000000080000000, 0x0000000100000000)
  region size 1024K, 98 young (100352K), 7 survivors (7168K)
 Metaspace       used 128388K, capacity 132128K, committed 132348K, reserved 1163264K
  class space    used 16592K, capacity 18037K, committed 18048K, reserved 1048576K
}
Event: 56.469 GC heap after
{Heap after GC invocations=55 (full 0):
 garbage-first heap   total 375808K, used 152450K [0x0000000080000000, 0x0000000100000000)
  region size 1024K, 12 young (12288K), 12 survivors (12288K)
 Metaspace       used 128388K, capacity 132128K, committed 132348K, reserved 1163264K
  class space    used 16592K, capacity 18037K, committed 18048K, reserved 1048576K
}
Event: 57.023 GC heap before
{Heap before GC invocations=55 (full 0):
 garbage-first heap   total 375808K, used 159618K [0x0000000080000000, 0x0000000100000000)
  region size 1024K, 20 young (20480K), 12 survivors (12288K)
 Metaspace       used 128756K, capacity 132504K, committed 132732K, reserved 1163264K
  class space    used 16628K, capacity 18077K, committed 18176K, reserved 1048576K
}

